<?xml version="1.0" encoding="UTF-8"?>
<!-- Generated by org.testng.reporters.JUnitReportReporter -->
<testsuite hostname="Arun" failures="0" tests="2" name="com.submitoproffer.testscript.CustomerModule" time="5.271" errors="0" timestamp="2024-06-12T19:34:22 IST" skipped="0">
  <testcase classname="com.submitoproffer.testscript.CustomerModule" name="demoA" time="0.002"/>
  <system-out>
    <![CDATA[hello]]>
  </system-out>
  <testcase classname="com.submitoproffer.testscript.CustomerModule" name="demo" time="5.269"/>
  <system-out>
    <![CDATA[Instagram]]>
  </system-out>
</testsuite> <!-- com.submitoproffer.testscript.CustomerModule -->
